2024-07-12 22:44:21,984 - INFO - 测试首页
2024-07-12 22:44:22,242 - DEBUG - 输入用户名称: test
2024-07-12 22:44:22,391 - DEBUG - 输入密码: test123
2024-07-12 22:44:22,481 - DEBUG - 点击登录
2024-07-12 22:44:23,356 - DEBUG - 点击项目管理
2024-07-12 22:44:26,432 - DEBUG - 点击项目管理
2024-07-12 22:51:43,462 - INFO - 测试首页
2024-07-12 22:51:43,646 - DEBUG - 输入用户名称: test
2024-07-12 22:51:43,815 - DEBUG - 输入密码: test123
2024-07-12 22:51:43,914 - DEBUG - 点击登录
2024-07-12 22:51:44,752 - DEBUG - 点击项目管理
2024-07-12 22:51:47,822 - DEBUG - 点击项目管理
2024-07-12 22:55:55,761 - INFO - 测试首页
2024-07-12 22:55:55,935 - DEBUG - 输入用户名称: test
2024-07-12 22:55:56,089 - DEBUG - 输入密码: test123
2024-07-12 22:55:56,185 - DEBUG - 点击登录
2024-07-12 22:55:57,115 - DEBUG - 点击项目管理
2024-07-12 22:56:00,194 - DEBUG - 点击项目管理
2024-07-12 23:00:01,481 - INFO - 测试首页
2024-07-12 23:00:01,639 - DEBUG - 输入用户名称: test
2024-07-12 23:00:01,789 - DEBUG - 输入密码: test123
2024-07-12 23:00:01,869 - DEBUG - 点击登录
2024-07-12 23:00:03,207 - DEBUG - 点击项目管理
2024-07-12 23:01:01,848 - INFO - 测试首页
2024-07-12 23:01:02,060 - DEBUG - 输入用户名称: test
2024-07-12 23:01:02,221 - DEBUG - 输入密码: test123
2024-07-12 23:01:02,333 - DEBUG - 点击登录
2024-07-12 23:01:03,784 - DEBUG - 点击项目管理
2024-07-12 23:01:06,872 - DEBUG - 点击项目管理
2024-07-12 23:01:12,995 - DEBUG - 输入项目名称: 测试项目
2024-07-12 23:01:13,088 - DEBUG - 点击查询
2024-07-12 23:04:32,426 - INFO - 测试首页
2024-07-12 23:04:32,625 - DEBUG - 输入用户名称: test
2024-07-12 23:04:32,768 - DEBUG - 输入密码: test123
2024-07-12 23:04:32,867 - DEBUG - 点击登录
2024-07-12 23:04:33,792 - DEBUG - 点击项目管理
2024-07-12 23:04:36,875 - DEBUG - 点击项目管理
2024-07-12 23:04:42,991 - DEBUG - 输入项目名称: 测试项目
2024-07-12 23:04:43,073 - DEBUG - 点击查询
2024-07-12 23:04:46,172 - DEBUG - 点击修改
